<?xml version="1.0" encoding="UTF-8"?>
<!-- Generated by org.testng.reporters.JUnitReportReporter -->
<testsuite hostname="INSCSWS20004359" name="com.sony.msm.test.TestGetContentPostedIn24Hours" tests="5" failures="0" timestamp="2 Feb 2015 10:58:48 GMT" time="5.093" errors="0">
  <testcase name="testGetContentOnStartAndLimit" time="0.947" classname="com.sony.msm.test.TestGetContentPostedIn24Hours"/>
  <testcase name="testGetContentOnStartAndLimit" time="0.971" classname="com.sony.msm.test.TestGetContentPostedIn24Hours"/>
  <testcase name="testGetContentPostedIn24Hours" time="0.705" classname="com.sony.msm.test.TestGetContentPostedIn24Hours"/>
  <testcase name="testGetContentOnStartAndLimit" time="1.185" classname="com.sony.msm.test.TestGetContentPostedIn24Hours"/>
  <testcase name="testGetContentOnStartAndLimit" time="1.285" classname="com.sony.msm.test.TestGetContentPostedIn24Hours"/>
</testsuite> <!-- com.sony.msm.test.TestGetContentPostedIn24Hours -->
